<?xml version="1.0" encoding="UTF-8"?>
<testsuites>
  <testsuite name="CodeIgniter Application Test Suite" tests="24" assertions="41" failures="0" errors="0" time="2.303992">
    <testsuite name="Auth_test" file="C:\xampp\htdocs\is295b\application\tests\controllers\Auth_test.php" tests="10" assertions="18" failures="0" errors="0" time="1.238636">
      <testcase name="test_loginAsAdmin" class="Auth_test" file="C:\xampp\htdocs\is295b\application\tests\controllers\Auth_test.php" line="13" assertions="3" time="0.139384"/>
      <testcase name="test_loginAsRecruiter" class="Auth_test" file="C:\xampp\htdocs\is295b\application\tests\controllers\Auth_test.php" line="33" assertions="3" time="0.119233"/>
      <testcase name="test_invalidLoginCred" class="Auth_test" file="C:\xampp\htdocs\is295b\application\tests\controllers\Auth_test.php" line="48" assertions="1" time="0.119083"/>
      <testcase name="test_blockedUser" class="Auth_test" file="C:\xampp\htdocs\is295b\application\tests\controllers\Auth_test.php" line="60" assertions="1" time="0.586137"/>
      <testcase name="test_noUsername" class="Auth_test" file="C:\xampp\htdocs\is295b\application\tests\controllers\Auth_test.php" line="76" assertions="1" time="0.013921"/>
      <testcase name="test_noPassword" class="Auth_test" file="C:\xampp\htdocs\is295b\application\tests\controllers\Auth_test.php" line="87" assertions="1" time="0.013714"/>
      <testcase name="test_logout" class="Auth_test" file="C:\xampp\htdocs\is295b\application\tests\controllers\Auth_test.php" line="98" assertions="4" time="0.127707"/>
      <testcase name="test_redirectToReferrer" class="Auth_test" file="C:\xampp\htdocs\is295b\application\tests\controllers\Auth_test.php" line="112" assertions="2" time="0.106716"/>
      <testcase name="test_method_404" class="Auth_test" file="C:\xampp\htdocs\is295b\application\tests\controllers\Auth_test.php" line="125" assertions="1" time="0.011552"/>
      <testcase name="test_APPPATH" class="Auth_test" file="C:\xampp\htdocs\is295b\application\tests\controllers\Auth_test.php" line="130" assertions="1" time="0.001189"/>
    </testsuite>
    <testsuite name="User_test" file="C:\xampp\htdocs\is295b\application\tests\controllers\User_test.php" tests="6" assertions="13" failures="0" errors="0" time="0.853961">
      <testcase name="test_userList" class="User_test" file="C:\xampp\htdocs\is295b\application\tests\controllers\User_test.php" line="26" assertions="3" time="0.127146"/>
      <testcase name="test_view" class="User_test" file="C:\xampp\htdocs\is295b\application\tests\controllers\User_test.php" line="33" assertions="1" time="0.124271"/>
      <testcase name="test_addValidations" class="User_test" file="C:\xampp\htdocs\is295b\application\tests\controllers\User_test.php" line="38" assertions="6" time="0.129017"/>
      <testcase name="test_addUserExist" class="User_test" file="C:\xampp\htdocs\is295b\application\tests\controllers\User_test.php" line="64" assertions="1" time="0.132417"/>
      <testcase name="test_addPasswordMismatch" class="User_test" file="C:\xampp\htdocs\is295b\application\tests\controllers\User_test.php" line="85" assertions="1" time="0.124177"/>
      <testcase name="test_addSuccess" class="User_test" file="C:\xampp\htdocs\is295b\application\tests\controllers\User_test.php" line="106" assertions="1" time="0.216933"/>
    </testsuite>
    <testsuite name="UserModel_seedtest" file="C:\xampp\htdocs\is295b\application\tests\models\UserModel_test.php" tests="8" assertions="10" failures="0" errors="0" time="0.211395">
      <testcase name="test_getUsers" class="UserModel_seedtest" file="C:\xampp\htdocs\is295b\application\tests\models\UserModel_test.php" line="17" assertions="3" time="0.011262"/>
      <testcase name="test_getUserById" class="UserModel_seedtest" file="C:\xampp\htdocs\is295b\application\tests\models\UserModel_test.php" line="29" assertions="1" time="0.011739"/>
      <testcase name="test_getUserByUsername" class="UserModel_seedtest" file="C:\xampp\htdocs\is295b\application\tests\models\UserModel_test.php" line="35" assertions="1" time="0.011469"/>
      <testcase name="test_blockUser" class="UserModel_seedtest" file="C:\xampp\htdocs\is295b\application\tests\models\UserModel_test.php" line="41" assertions="1" time="0.015095"/>
      <testcase name="test_activateUser" class="UserModel_seedtest" file="C:\xampp\htdocs\is295b\application\tests\models\UserModel_test.php" line="47" assertions="1" time="0.015877"/>
      <testcase name="test_addLoginFailed" class="UserModel_seedtest" file="C:\xampp\htdocs\is295b\application\tests\models\UserModel_test.php" line="53" assertions="1" time="0.016174"/>
      <testcase name="test_resetLoginFailed" class="UserModel_seedtest" file="C:\xampp\htdocs\is295b\application\tests\models\UserModel_test.php" line="59" assertions="1" time="0.016104"/>
      <testcase name="test_addUser" class="UserModel_seedtest" file="C:\xampp\htdocs\is295b\application\tests\models\UserModel_test.php" line="65" assertions="1" time="0.113674"/>
    </testsuite>
  </testsuite>
</testsuites>
