<?xml version="1.0" encoding="UTF-8"?>
<testsuites>
  <testsuite name="CodeIgniter Application Test Suite" tests="6" assertions="7" failures="0" errors="0" time="0.103443">
    <testsuite name="Auth_test" file="C:\xampp\htdocs\is295b\application\tests\controllers\Auth_test.php" tests="3" assertions="2" failures="0" errors="0" time="0.027996">
      <testcase name="test_index" class="Auth_test" file="C:\xampp\htdocs\is295b\application\tests\controllers\Auth_test.php" line="5" assertions="0" time="0.016111"/>
      <testcase name="test_method_404" class="Auth_test" file="C:\xampp\htdocs\is295b\application\tests\controllers\Auth_test.php" line="11" assertions="1" time="0.010452"/>
      <testcase name="test_APPPATH" class="Auth_test" file="C:\xampp\htdocs\is295b\application\tests\controllers\Auth_test.php" line="17" assertions="1" time="0.001433"/>
    </testsuite>
    <testsuite name="UserModel_test" file="C:\xampp\htdocs\is295b\application\tests\models\UserModel_test.php" tests="3" assertions="5" failures="0" errors="0" time="0.075447">
      <testcase name="test_getUsers" class="UserModel_test" file="C:\xampp\htdocs\is295b\application\tests\models\UserModel_test.php" line="24" assertions="3" time="0.051403"/>
      <testcase name="test_getUserById" class="UserModel_test" file="C:\xampp\htdocs\is295b\application\tests\models\UserModel_test.php" line="39" assertions="1" time="0.012839"/>
      <testcase name="test_getUserByCred" class="UserModel_test" file="C:\xampp\htdocs\is295b\application\tests\models\UserModel_test.php" line="45" assertions="1" time="0.011205"/>
    </testsuite>
  </testsuite>
</testsuites>
