<?xml version="1.0" encoding="UTF-8"?>
<testsuites>
  <testsuite name="CodeIgniter Application Test Suite" tests="18" assertions="26" failures="0" errors="0" time="0.506175">
    <testsuite name="Auth_test" file="C:\xampp\htdocs\is295b\application\tests\controllers\Auth_test.php" tests="8" assertions="12" failures="0" errors="0" time="0.247432">
      <testcase name="test_login" class="Auth_test" file="C:\xampp\htdocs\is295b\application\tests\controllers\Auth_test.php" line="13" assertions="2" time="0.038401"/>
      <testcase name="test_invalidLoginCred" class="Auth_test" file="C:\xampp\htdocs\is295b\application\tests\controllers\Auth_test.php" line="25" assertions="1" time="0.023194"/>
      <testcase name="test_blockedUser" class="Auth_test" file="C:\xampp\htdocs\is295b\application\tests\controllers\Auth_test.php" line="37" assertions="1" time="0.114841"/>
      <testcase name="test_noUsername" class="Auth_test" file="C:\xampp\htdocs\is295b\application\tests\controllers\Auth_test.php" line="53" assertions="1" time="0.013739"/>
      <testcase name="test_noPassword" class="Auth_test" file="C:\xampp\htdocs\is295b\application\tests\controllers\Auth_test.php" line="64" assertions="1" time="0.013726"/>
      <testcase name="test_logout" class="Auth_test" file="C:\xampp\htdocs\is295b\application\tests\controllers\Auth_test.php" line="75" assertions="4" time="0.031909"/>
      <testcase name="test_method_404" class="Auth_test" file="C:\xampp\htdocs\is295b\application\tests\controllers\Auth_test.php" line="89" assertions="1" time="0.010448"/>
      <testcase name="test_APPPATH" class="Auth_test" file="C:\xampp\htdocs\is295b\application\tests\controllers\Auth_test.php" line="94" assertions="1" time="0.001174"/>
    </testsuite>
    <testsuite name="User_test" file="C:\xampp\htdocs\is295b\application\tests\controllers\User_test.php" tests="2" assertions="4" failures="0" errors="0" time="0.146882">
      <testcase name="test_userList" class="User_test" file="C:\xampp\htdocs\is295b\application\tests\controllers\User_test.php" line="26" assertions="3" time="0.088083"/>
      <testcase name="test_view" class="User_test" file="C:\xampp\htdocs\is295b\application\tests\controllers\User_test.php" line="33" assertions="1" time="0.058799"/>
    </testsuite>
    <testsuite name="UserModel_seedtest" file="C:\xampp\htdocs\is295b\application\tests\models\UserModel_test.php" tests="8" assertions="10" failures="0" errors="0" time="0.111861">
      <testcase name="test_getUsers" class="UserModel_seedtest" file="C:\xampp\htdocs\is295b\application\tests\models\UserModel_test.php" line="17" assertions="3" time="0.011005"/>
      <testcase name="test_getUserById" class="UserModel_seedtest" file="C:\xampp\htdocs\is295b\application\tests\models\UserModel_test.php" line="29" assertions="1" time="0.010782"/>
      <testcase name="test_getUserByCred" class="UserModel_seedtest" file="C:\xampp\htdocs\is295b\application\tests\models\UserModel_test.php" line="35" assertions="1" time="0.010940"/>
      <testcase name="test_getUserByUsername" class="UserModel_seedtest" file="C:\xampp\htdocs\is295b\application\tests\models\UserModel_test.php" line="41" assertions="1" time="0.010902"/>
      <testcase name="test_blockUser" class="UserModel_seedtest" file="C:\xampp\htdocs\is295b\application\tests\models\UserModel_test.php" line="47" assertions="1" time="0.015473"/>
      <testcase name="test_activateUser" class="UserModel_seedtest" file="C:\xampp\htdocs\is295b\application\tests\models\UserModel_test.php" line="53" assertions="1" time="0.020034"/>
      <testcase name="test_addLoginFailed" class="UserModel_seedtest" file="C:\xampp\htdocs\is295b\application\tests\models\UserModel_test.php" line="59" assertions="1" time="0.016872"/>
      <testcase name="test_resetLoginFailed" class="UserModel_seedtest" file="C:\xampp\htdocs\is295b\application\tests\models\UserModel_test.php" line="65" assertions="1" time="0.015852"/>
    </testsuite>
  </testsuite>
</testsuites>
